Arguments: 
  C:\Program Files\nodejs\node.exe C:\Users\maps\AppData\Roaming\npm\node_modules\yarn\bin\yarn.js add stylus-loader

PATH: 
  C:\Program Files (x86)\NVIDIA Corporation\PhysX\Common;C:\Python311\Scripts\;C:\Python311\;C:\WINDOWS\system32;C:\WINDOWS;C:\WINDOWS\System32\Wbem;C:\WINDOWS\System32\WindowsPowerShell\v1.0\;C:\WINDOWS\System32\OpenSSH\;C:\Program Files\TortoiseSVN\bin;C:\ProgramData\chocolatey\bin;C:\Users\maps\AppData\Roaming\npm;C:\Program Files\nodejs\node.exe;C:\mysql\bin;C:\Users\maps\AppData\Roaming\nvm;C:\Program Files\nodejs;C:\Program Files\nodejs\;C:\idea 激活\apache-maven-3.9.1\bin;C:\Users\maps\.jdks\corretto-1.8.0_362\jre\bin;C:\idea\apache-tomcat-8.5.87\bin;;C:\Program Files (x86)\Tencent\微信web开发者工具\dll;C:\Users\maps\AppData\Local\Microsoft\WindowsApps;D:\代码编辑器\Microsoft VS Code\bin;C:\Users\maps\AppData\Local\Programs\Microsoft VS Code\bin;C:\Users\maps\AppData\Roaming\npm;C:\Program Files\nodejs\node.exe;C:\Users\maps\AppData\Roaming\nvm;C:\Program Files\nodejs;C:\Users\maps\AppData\Local\Programs\Fiddler

Yarn version: 
  1.22.19

Node version: 
  14.17.0

Platform: 
  win32 x64

Trace: 
  Error: ENOENT: no such file or directory, copyfile 'C:\Users\maps\AppData\Local\Yarn\Cache\v6\npm-lru-cache-5.1.1-1da27e6710271947695daf6848e847f01d84b920-integrity\node_modules\lru-cache\package.json' -> 'C:\daima\待完成\人事管理系统\springbooti5oc6\src\main\resources\admin\admin\node_modules\@babel\helper-compilation-targets\node_modules\lru-cache\package.json'

npm manifest: 
  {
    "name": "mas-creator-admin",
    "version": "0.1.0",
    "private": true,
    "scripts": {
      "serve": "vue-cli-service serve",
      "build": "vue-cli-service build",
      "svgo": "svgo -f src/icons/svg --config=src/icons/svgo.yml",
      "lint": "vue-cli-service lint"
    },
    "dependencies": {
      "axios": "^0.19.2",
      "core-js": "^3.4.4",
      "echarts": "^5.4.1",
      "echarts-wordcloud": "^2.1.0",
      "element-ui": "^2.13.0",
      "js-md5": "^0.7.3",
      "less-loader": "^11.1.0",
      "print-js": "^1.5.0",
      "stylus-loader": "^7.1.0",
      "vue": "^2.6.10",
      "vue-amap": "^0.5.10",
      "vue-echarts": "^6.2.3",
      "vue-json-excel": "^0.3.0",
      "vue-quill-editor": "^3.0.6",
      "vue-router": "^3.1.5"
    },
    "devDependencies": {
      "@vue/cli-plugin-babel": "^4.1.0",
      "@vue/cli-plugin-eslint": "^4.1.0",
      "@vue/cli-service": "^4.1.0",
      "babel-eslint": "^10.0.3",
      "babel-plugin-component": "^1.1.1",
      "eslint": "^5.16.0",
      "eslint-plugin-vue": "^5.0.0",
      "node-sass": "^4.13.1",
      "sass-loader": "^8.0.2",
      "svg-sprite-loader": "4.1.3",
      "svgo": "1.2.2",
      "vue-template-compiler": "^2.6.10"
    },
    "eslintConfig": {
      "root": true,
      "env": {
        "node": true
      },
      "extends": [
        "plugin:vue/essential",
        "eslint:recommended"
      ],
      "rules": {
        "no-console": "off",
        "no-unused-vars": 0,
        "no-useless-escape": "off"
      },
      "parserOptions": {
        "parser": "babel-eslint"
      }
    },
    "browserslist": [
      "> 1%",
      "last 2 versions",
      "not ie <= 8",
      "Android >= 4.0"
    ]
  }

yarn manifest: 
  No manifest

Lockfile: 
  No lockfile
